<?xml version="1.0" encoding="UTF-8"?>
<!-- Generated by org.testng.reporters.JUnitReportReporter -->
<testsuite hostname="LAPTOP-PFNNAQN7" failures="0" tests="2" name="MvnLearning.MavenProjectExample.seleniumTest" time="0.002" errors="0" timestamp="2020-08-27T09:28:28 EDT" skipped="0">
  <testcase classname="MvnLearning.MavenProjectExample.seleniumTest" name="Six" time="0.001"/>
  <system-out/>
  <testcase classname="MvnLearning.MavenProjectExample.seleniumTest" name="Five" time="0.001"/>
  <system-out/>
</testsuite> <!-- MvnLearning.MavenProjectExample.seleniumTest -->
