<?xml version="1.0" encoding="UTF-8"?>
<!-- Generated by org.testng.reporters.JUnitReportReporter -->
<testsuite hostname="LAPTOP-PFNNAQN7" failures="0" tests="2" name="MvnLearning.MavenProjectExample.appiumTest" time="0.043" errors="0" timestamp="2020-08-27T09:28:28 EDT" skipped="0">
  <testcase classname="MvnLearning.MavenProjectExample.appiumTest" name="Three" time="0.003"/>
  <system-out/>
  <testcase classname="MvnLearning.MavenProjectExample.appiumTest" name="Four" time="0.040"/>
  <system-out/>
</testsuite> <!-- MvnLearning.MavenProjectExample.appiumTest -->
